<?xml version="1.0" encoding="UTF-8"?>
<!-- Generated by org.testng.reporters.JUnitXMLReporter -->
<testsuite hostname="Lenovo-PC" ignored="0" name="Default test" tests="2" failures="0" timestamp="31 Jan 2018 18:10:29 GMT" time="32.019" errors="0">
  <testcase name="invalid_login" time="3.179" classname="MavenPP.Framework_Project_2.regression.login.Login_Test"/>
  <testcase name="login" time="10.821" classname="MavenPP.Framework_Project_2.regression.login.Login_Test"/>
</testsuite> <!-- Default test -->
