<?xml version="1.0" encoding="UTF-8"?>
<testng-results skipped="0" failed="0" ignored="0" total="2" passed="2">
  <reporter-output>
  </reporter-output>
  <suite name="Default suite" duration-ms="32019" started-at="2018-01-31T18:09:57Z" finished-at="2018-01-31T18:10:29Z">
    <groups>
    </groups>
    <test name="Default test" duration-ms="32019" started-at="2018-01-31T18:09:57Z" finished-at="2018-01-31T18:10:29Z">
      <class name="MavenPP.Framework_Project_2.regression.login.Login_Test">
        <test-method status="PASS" signature="setup()[pri:0, instance:MavenPP.Framework_Project_2.regression.login.Login_Test@cb5822]" name="setup" is-config="true" duration-ms="12910" started-at="2018-01-31T23:39:57Z" finished-at="2018-01-31T23:40:10Z">
          <reporter-output>
          </reporter-output>
        </test-method> <!-- setup -->
        <test-method status="PASS" signature="invalid_login()[pri:0, instance:MavenPP.Framework_Project_2.regression.login.Login_Test@cb5822]" name="invalid_login" duration-ms="3179" started-at="2018-01-31T23:40:10Z" finished-at="2018-01-31T23:40:13Z">
          <reporter-output>
          </reporter-output>
        </test-method> <!-- invalid_login -->
        <test-method status="PASS" signature="login()[pri:1, instance:MavenPP.Framework_Project_2.regression.login.Login_Test@cb5822]" name="login" duration-ms="10821" started-at="2018-01-31T23:40:13Z" finished-at="2018-01-31T23:40:24Z">
          <reporter-output>
          </reporter-output>
        </test-method> <!-- login -->
        <test-method status="PASS" signature="exit_browser()[pri:0, instance:MavenPP.Framework_Project_2.regression.login.Login_Test@cb5822]" name="exit_browser" is-config="true" duration-ms="5082" started-at="2018-01-31T23:40:24Z" finished-at="2018-01-31T23:40:29Z">
          <reporter-output>
          </reporter-output>
        </test-method> <!-- exit_browser -->
      </class> <!-- MavenPP.Framework_Project_2.regression.login.Login_Test -->
    </test> <!-- Default test -->
  </suite> <!-- Default suite -->
</testng-results>
